[INFO ] 2021-05-31 14:49:13.531 [main] HikariDataSource - HikariPool-1 - Starting...
[INFO ] 2021-05-31 14:49:13.806 [main] HikariDataSource - HikariPool-1 - Start completed.
[INFO ] 2021-05-31 14:49:13.831 [main] BlogApplicationDslApplicationKt - Starting BlogApplicationDslApplicationKt using Java 16 on NCOS000037 with PID 27144 (D:\Corsi formazione\Kotlin\BlogApplicationDsk-oak\target\classes started by silvana.bonicelli in D:\Corsi formazione\Kotlin\BlogApplicationDsk-oak)
[INFO ] 2021-05-31 14:49:13.837 [main] BlogApplicationDslApplicationKt - No active profile set, falling back to default profiles: default
[INFO ] 2021-05-31 14:49:15.292 [main] TomcatWebServer - Tomcat initialized with port(s): 8080 (http)
[INFO ] 2021-05-31 14:49:15.310 [main] Http11NioProtocol - Initializing ProtocolHandler ["http-nio-8080"]
[INFO ] 2021-05-31 14:49:15.312 [main] StandardService - Starting service [Tomcat]
[INFO ] 2021-05-31 14:49:15.313 [main] StandardEngine - Starting Servlet engine: [Apache Tomcat/9.0.46]
[INFO ] 2021-05-31 14:49:15.546 [main] [/] - Initializing Spring embedded WebApplicationContext
[INFO ] 2021-05-31 14:49:15.546 [main] ServletWebServerApplicationContext - Root WebApplicationContext: initialization completed in 1634 ms
[INFO ] 2021-05-31 14:49:16.137 [main] lockservice - Successfully acquired change log lock
[INFO ] 2021-05-31 14:49:16.486 [main] changelog - Creating database history table with name: PUBLIC.DATABASECHANGELOG
[INFO ] 2021-05-31 14:49:16.489 [main] changelog - Reading from PUBLIC.DATABASECHANGELOG
[INFO ] 2021-05-31 14:49:16.588 [main] lockservice - Successfully released change log lock
[INFO ] 2021-05-31 14:49:16.591 [main] lockservice - Successfully acquired change log lock
[WARN ] 2021-05-31 14:49:16.592 [main] hub - Skipping auto-registration
[INFO ] 2021-05-31 14:49:16.606 [main] changelog - Custom SQL executed
[INFO ] 2021-05-31 14:49:16.606 [main] changelog - ChangeSet liquibase/db-changelog-master.xml::createSchema::silvana.bonicelli ran successfully in 7ms
[INFO ] 2021-05-31 14:49:16.633 [main] changelog - Table articles created
[INFO ] 2021-05-31 14:49:16.634 [main] changelog - ChangeSet liquibase/db-changelog-master.xml::create_article_table::silvana.bonicelli ran successfully in 8ms
[INFO ] 2021-05-31 14:49:16.637 [main] changelog - Table articlecomments created
[INFO ] 2021-05-31 14:49:16.637 [main] changelog - ChangeSet liquibase/db-changelog-master.xml::01_createTableArticleComments::silvana.bonicelli ran successfully in 2ms
[INFO ] 2021-05-31 14:49:16.648 [main] changelog - Foreign key constraint added to articlecomments (article_id)
[INFO ] 2021-05-31 14:49:16.648 [main] changelog - ChangeSet liquibase/db-changelog-master.xml::create_foreign_key_articlecomments::silvana.bonicelli ran successfully in 9ms
[INFO ] 2021-05-31 14:49:16.650 [main] lockservice - Successfully released change log lock
[INFO ] 2021-05-31 14:49:17.032 [main] Http11NioProtocol - Starting ProtocolHandler ["http-nio-8080"]
[INFO ] 2021-05-31 14:49:17.100 [main] TomcatWebServer - Tomcat started on port(s): 8080 (http) with context path ''
[INFO ] 2021-05-31 14:49:17.110 [main] BlogApplicationDslApplicationKt - Started BlogApplicationDslApplicationKt in 4.112 seconds (JVM running for 5.36)
[INFO ] 2021-05-31 14:49:17.111 [main] ApplicationAvailabilityBean - Application availability state LivenessState changed to CORRECT
[INFO ] 2021-05-31 14:49:17.113 [main] ApplicationAvailabilityBean - Application availability state ReadinessState changed to ACCEPTING_TRAFFIC
[INFO ] 2021-05-31 14:49:22.346 [http-nio-8080-exec-1] [/] - Initializing Spring DispatcherServlet 'dispatcherServlet'
[INFO ] 2021-05-31 14:49:22.347 [http-nio-8080-exec-1] DispatcherServlet - Initializing Servlet 'dispatcherServlet'
[INFO ] 2021-05-31 14:49:22.349 [http-nio-8080-exec-1] DispatcherServlet - Completed initialization in 2 ms
[INFO ] 2021-05-31 14:49:22.391 [http-nio-8080-exec-1] ArticlesHandler - Info message
[WARN ] 2021-05-31 14:49:22.392 [http-nio-8080-exec-1] ArticlesHandler - Warn message
[ERROR] 2021-05-31 14:49:22.393 [http-nio-8080-exec-1] ArticlesHandler - Error message
